<?xml version="1.0" encoding="UTF-8"?>
<!-- Generated by org.testng.reporters.JUnitReportReporter -->
<testsuite hostname="LAPTOP-RNESICUQ" failures="0" tests="1" name="testpackage.instalogintest" time="0.535" errors="0" timestamp="2023-11-02T14:50:37 IST" skipped="0">
  <testcase classname="testpackage.instalogintest" name="test" time="0.535"/>
  <system-out/>
</testsuite> <!-- testpackage.instalogintest -->
